<?xml version="1.0" encoding="UTF-8"?>
<!-- Generated by org.testng.reporters.JUnitReportReporter -->
<testsuite hostname="LAPTOP-SAR4E7I9" failures="0" tests="2" name="zerodhaTestclass.TC01verifylogin" time="17.305" errors="0" timestamp="2022-08-07T14:34:31 IST" skipped="0">
  <testcase classname="zerodhaTestclass.TC01verifylogin" name="verifyloginfunctionality" time="6.236"/>
  <system-out/>
  <testcase classname="zerodhaTestclass.TC01verifylogin" name="verifyloginfunctionality" time="11.069"/>
  <system-out/>
</testsuite> <!-- zerodhaTestclass.TC01verifylogin -->
